✅ 元数据加载成功
   - 实体数量: 26
   - 枚举数量: 45
✅ 数据库连接成功
[Server] 初始化默认流程定义...
[Server] 流程定义初始化完成，新建 0 个定义
[SchedulerService] 启动调度服务...
[SchedulerService] 执行进度偏离检查...
[SchedulerService] 已调度任务: progress_check, 间隔: 3600秒
[SchedulerService] 下次执行时间: 2026/3/1 18:00:00
[SchedulerService] 下次执行时间: 2026/3/2 09:00:00
[SchedulerService] 调度服务启动完成
[Server] 初始化工作流事件监听器...
[WorkflowEventListener] Setting up task.completed listener
[WorkflowEventListener] task.completed listener setup complete
[Server] 工作流事件监听器已启动

=========================================
  项目管理系统 v2 后端服务启动成功
=========================================
  🚀 服务端口: 8080
  🌐 CORS来源: http://localhost:3000
  📊 数据库: project_management_v2
  ⏰ 启动时间: 2026/3/1 15:22:42
=========================================
      
[SchedulerService] 进度检查完成: 阶段预警 0 个, 任务预警 0 个
[SchedulerService] 执行进度偏离检查...
[SchedulerService] 进度检查完成: 阶段预警 0 个, 任务预警 0 个
[SchedulerService] 执行进度偏离检查...
[SchedulerService] 进度检查完成: 阶段预警 0 个, 任务预警 0 个
[SchedulerService] 执行日报提醒...
[DailyReportReminderService] 已发送 0 条日报提醒
[SchedulerService] 日报提醒完成: 已发送 0 条提醒
[SchedulerService] 下次执行时间: 2026/3/2 18:00:00
[SchedulerService] 执行进度偏离检查...
[SchedulerService] 进度检查完成: 阶段预警 0 个, 任务预警 0 个
[SchedulerService] 执行进度偏离检查...
[SchedulerService] 进度检查完成: 阶段预警 0 个, 任务预警 0 个
[SchedulerService] 执行进度偏离检查...
[SchedulerService] 进度检查完成: 阶段预警 0 个, 任务预警 0 个
[SchedulerService] 执行进度偏离检查...
[SchedulerService] 进度检查完成: 阶段预警 0 个, 任务预警 0 个
[SchedulerService] 执行进度偏离检查...
[SchedulerService] 进度检查完成: 阶段预警 0 个, 任务预警 0 个
